<?xml version="1.0" encoding="UTF-8"?>
<testsuite xmlns:xsi="http://www.w3.org/2001/XMLSchema-instance" xsi:noNamespaceSchemaLocation="https://maven.apache.org/surefire/maven-surefire-plugin/xsd/surefire-test-report.xsd" version="3.0.2" name="RunCukesTest" time="0.166" tests="4" errors="0" skipped="0" failures="0">
  <properties>
[...]
</properties>
  <testcase name="Case 1 - Çoklu hesapta risk ve tedbir blokesi dağıtımı" classname="Mevduat Hesaplarına Risk ve Tedbir Blokesi Dağıtımı" time="0.042">
    <system-out><![CDATA[
Scenario: Case 1 - Çoklu hesapta risk ve tedbir blokesi dağıtımı                                &amp#27;[90m# src/test/resources/senaryolar/case-1.feature:9&amp#27;[0m
  &amp#27;[32mGiven &amp#27;[0m&amp#27;[32mMüşterinin "&amp#27;[0m&amp#27;[32m&amp#27;[1mAB-1&amp#27;[0m&amp#27;[32m" hesabında &amp#27;[0m&amp#27;[32m&amp#27;[1m50000&amp#27;[0m&amp#27;[32m TL bakiye ve &amp#27;[0m&amp#27;[32m&amp#27;[1m30000&amp#27;[0m&amp#27;[32m TL mevcut bloke var&amp#27;[0m                &amp#27;[90m# jug.istanbul.is.Case1Steps.musterininHesabindaBakiyeVeBlokeVar(java.lang.String,double,double)&amp#27;[0m
  &amp#27;[32mAnd &amp#27;[0m&amp#27;[32mMüşterinin "&amp#27;[0m&amp#27;[32m&amp#27;[1mAB-2&amp#27;[0m&amp#27;[32m" hesabında &amp#27;[0m&amp#27;[32m&amp#27;[1m100000&amp#27;[0m&amp#27;[32m TL bakiye var&amp#27;[0m                                          &amp#27;[90m# jug.istanbul.is.Case1Steps.musterininHesabindaBakiyeVar(java.lang.String,double)&amp#27;[0m
  &amp#27;[32mAnd &amp#27;[0m&amp#27;[32mMüşterinin "&amp#27;[0m&amp#27;[32m&amp#27;[1mAB-3&amp#27;[0m&amp#27;[32m" hesabında &amp#27;[0m&amp#27;[32m&amp#27;[1m100&amp#27;[0m&amp#27;[32m TL bakiye var&amp#27;[0m                                             &amp#27;[90m# jug.istanbul.is.Case1Steps.musterininHesabindaBakiyeVar(java.lang.String,double)&amp#27;[0m
  &amp#27;[32mAnd &amp#27;[0m&amp#27;[32mMüşterinin "&amp#27;[0m&amp#27;[32m&amp#27;[1mAB-4&amp#27;[0m&amp#27;[32m" hesabında &amp#27;[0m&amp#27;[32m&amp#27;[1m0&amp#27;[0m&amp#27;[32m TL bakiye var&amp#27;[0m                                               &amp#27;[90m# jug.istanbul.is.Case1Steps.musterininHesabindaBakiyeVar(java.lang.String,double)&amp#27;[0m
  &amp#27;[32mGiven &amp#27;[0m&amp#27;[32mMüşterinin bankadaki kredi borcu (risk) &amp#27;[0m&amp#27;[32m&amp#27;[1m40000&amp#27;[0m&amp#27;[32m TL'dir&amp#27;[0m                                    &amp#27;[90m# jug.istanbul.is.Case1Steps.musterininBankadakiKrediBorcuRisk(double)&amp#27;[0m
  &amp#27;[32mWhen &amp#27;[0m&amp#27;[32mMüşterinin o günkü toplam varlığının yarısı (%50) oranında tedbir blokesi talep edilirse&amp#27;[0m &amp#27;[90m# jug.istanbul.is.Case1Steps.musterininToplamVarligininYarisiOranindaTedbirBlokesiTalepEdilirse()&amp#27;[0m
  &amp#27;[32mThen &amp#27;[0m&amp#27;[32mSistem hesaplara aşağıdaki gibi bloke koymalıdır:&amp#27;[0m                                        &amp#27;[90m# jug.istanbul.is.Case1Steps.sistemHesaplaraAsagidakiGibiBlokeKoymali(io.cucumber.datatable.DataTable)&amp#27;[0m
    | Hesap | Banka Riski Blokesi | Tedbir Blokesi | Açıklama                         |
    | AB-1  | 20000 TL            | 0 TL           | Risk önceliği burayı doldurur    |
    | AB-2  | 20000 TL            | 30000 TL       | Kalan risk + hesaplanan tedbir   |
    | AB-3  | 0 TL                | 50 TL          | Sadece tedbir (Bakiyenin yarısı) |
    | AB-4  | 0 TL                | 0 TL           | Bakiye yok                       |
]]></system-out>
  </testcase>
  <testcase name="Case 3 - Tek hesapta yüksek bakiye ve risk durumu" classname="Mevduat Hesaplarına Risk ve Tedbir Blokesi Dağıtımı" time="0.003">
    <system-out><![CDATA[
Scenario: Case 3 - Tek hesapta yüksek bakiye ve risk durumu                      &amp#27;[90m# src/test/resources/senaryolar/case-1.feature:19&amp#27;[0m
  &amp#27;[32mGiven &amp#27;[0m&amp#27;[32mMüşterinin "&amp#27;[0m&amp#27;[32m&amp#27;[1mAB-1&amp#27;[0m&amp#27;[32m" hesabında &amp#27;[0m&amp#27;[32m&amp#27;[1m50000&amp#27;[0m&amp#27;[32m TL bakiye ve &amp#27;[0m&amp#27;[32m&amp#27;[1m30000&amp#27;[0m&amp#27;[32m TL mevcut bloke var&amp#27;[0m &amp#27;[90m# jug.istanbul.is.Case1Steps.musterininHesabindaBakiyeVeBlokeVar(java.lang.String,double,double)&amp#27;[0m
  &amp#27;[32mAnd &amp#27;[0m&amp#27;[32mMüşterinin "&amp#27;[0m&amp#27;[32m&amp#27;[1mAB-2&amp#27;[0m&amp#27;[32m" hesabında &amp#27;[0m&amp#27;[32m&amp#27;[1m100000&amp#27;[0m&amp#27;[32m TL bakiye var&amp#27;[0m                           &amp#27;[90m# jug.istanbul.is.Case1Steps.musterininHesabindaBakiyeVar(java.lang.String,double)&amp#27;[0m
  &amp#27;[32mAnd &amp#27;[0m&amp#27;[32mMüşterinin "&amp#27;[0m&amp#27;[32m&amp#27;[1mAB-3&amp#27;[0m&amp#27;[32m" hesabında &amp#27;[0m&amp#27;[32m&amp#27;[1m100&amp#27;[0m&amp#27;[32m TL bakiye var&amp#27;[0m                              &amp#27;[90m# jug.istanbul.is.Case1Steps.musterininHesabindaBakiyeVar(java.lang.String,double)&amp#27;[0m
  &amp#27;[32mAnd &amp#27;[0m&amp#27;[32mMüşterinin "&amp#27;[0m&amp#27;[32m&amp#27;[1mAB-4&amp#27;[0m&amp#27;[32m" hesabında &amp#27;[0m&amp#27;[32m&amp#27;[1m0&amp#27;[0m&amp#27;[32m TL bakiye var&amp#27;[0m                                &amp#27;[90m# jug.istanbul.is.Case1Steps.musterininHesabindaBakiyeVar(java.lang.String,double)&amp#27;[0m
  &amp#27;[32mGiven &amp#27;[0m&amp#27;[32mMüşterinin tek bir hesabında &amp#27;[0m&amp#27;[32m&amp#27;[1m750000&amp#27;[0m&amp#27;[32m TL bakiye var&amp#27;[0m                        &amp#27;[90m# jug.istanbul.is.Case3Steps.musterininTekBirHesabindaTLBakiyeVar(double)&amp#27;[0m
  &amp#27;[32mAnd &amp#27;[0m&amp#27;[32mMüşterinin banka riski &amp#27;[0m&amp#27;[32m&amp#27;[1m15000&amp#27;[0m&amp#27;[32m TL'dir&amp#27;[0m                                        &amp#27;[90m# jug.istanbul.is.Case3Steps.musterininBankaRiskiTLDir(double)&amp#27;[0m
  &amp#27;[32mWhen &amp#27;[0m&amp#27;[32mHesaba "&amp#27;[0m&amp#27;[32m&amp#27;[1mYarı Oranında&amp#27;[0m&amp#27;[32m" (&amp#27;[0m&amp#27;[32m&amp#27;[1m375000&amp#27;[0m&amp#27;[32m TL) bloke konulmak istendiğinde&amp#27;[0m            &amp#27;[90m# jug.istanbul.is.Case3Steps.hesabaTLBlokeKonulmakIstendiğinde(java.lang.String,double)&amp#27;[0m
  &amp#27;[32mThen &amp#27;[0m&amp#27;[32mKonulacak "&amp#27;[0m&amp#27;[32m&amp#27;[1mBanka Tedbir Blokesi&amp#27;[0m&amp#27;[32m" tutarı &amp#27;[0m&amp#27;[32m&amp#27;[1m15000&amp#27;[0m&amp#27;[32m TL olmalıdır&amp#27;[0m                &amp#27;[90m# jug.istanbul.is.Case3Steps.konulacakTutarıTLOlmalıdır(java.lang.String,double)&amp#27;[0m
  &amp#27;[32mAnd &amp#27;[0m&amp#27;[32mKonulacak "&amp#27;[0m&amp#27;[32m&amp#27;[1mNormal Tedbir Blokesi&amp#27;[0m&amp#27;[32m" tutarı &amp#27;[0m&amp#27;[32m&amp#27;[1m360000&amp#27;[0m&amp#27;[32m TL olmalıdır&amp#27;[0m               &amp#27;[90m# jug.istanbul.is.Case3Steps.konulacakTutarıTLOlmalıdır(java.lang.String,double)&amp#27;[0m
]]></system-out>
  </testcase>
  <testcase name="Tedbir, hesap bakiyelerine oranla dağıtılır" classname="Tedbir blokesi hesaplara oransal dağıtılır" time="0.005">
    <system-out><![CDATA[
Scenario: Tedbir, hesap bakiyelerine oranla dağıtılır &amp#27;[90m# src/test/resources/senaryolar/case-4.feature:3&amp#27;[0m
  &amp#27;[32mGiven &amp#27;[0m&amp#27;[32mmüşteri aşağıdaki hesaplara sahiptir:&amp#27;[0m         &amp#27;[90m# jug.istanbul.is.Case4Steps.musteriAsagidakiHesaplaraSahiptir(io.cucumber.datatable.DataTable)&amp#27;[0m
    | hesap | bakiye |
    | A     | 60000  |
    | B     | 40000  |
  &amp#27;[32mAnd &amp#27;[0m&amp#27;[32mtoplam varlık &amp#27;[0m&amp#27;[32m&amp#27;[1m100000&amp#27;[0m&amp#27;[32m TL'dir&amp#27;[0m                     &amp#27;[90m# jug.istanbul.is.Case4Steps.toplamVarlikTLOdir(double)&amp#27;[0m
  &amp#27;[32mWhen &amp#27;[0m&amp#27;[32m&amp#27;[0m&amp#27;[32m&amp#27;[1m50000&amp#27;[0m&amp#27;[32m TL tutarında tedbir istenir&amp#27;[0m              &amp#27;[90m# jug.istanbul.is.Case4Steps.tutarindaTedbirIstenir(double)&amp#27;[0m
  &amp#27;[32mThen &amp#27;[0m&amp#27;[32mtedbir hesaplara bakiye oranında dağıtılır&amp#27;[0m     &amp#27;[90m# jug.istanbul.is.Case4Steps.tedbirHesaplaraBakiyeOranindaDagitilir()&amp#27;[0m
  &amp#27;[32mAnd &amp#27;[0m&amp#27;[32mHesap &amp#27;[0m&amp#27;[32m&amp#27;[1mA&amp#27;[0m&amp#27;[32m için tedbir &amp#27;[0m&amp#27;[32m&amp#27;[1m30000&amp#27;[0m&amp#27;[32m TL olmalıdır&amp#27;[0m          &amp#27;[90m# jug.istanbul.is.Case4Steps.hesapIcinTedbirTLOlmalidir(java.lang.String,double)&amp#27;[0m
  &amp#27;[32mAnd &amp#27;[0m&amp#27;[32mHesap &amp#27;[0m&amp#27;[32m&amp#27;[1mB&amp#27;[0m&amp#27;[32m için tedbir &amp#27;[0m&amp#27;[32m&amp#27;[1m20000&amp#27;[0m&amp#27;[32m TL olmalıdır&amp#27;[0m          &amp#27;[90m# jug.istanbul.is.Case4Steps.hesapIcinTedbirTLOlmalidir(java.lang.String,double)&amp#27;[0m
]]></system-out>
  </testcase>
  <testcase name="EREGL hisse seneti uzerinde calisiyoruz" classname="Hisse senedi eşik değerinin hesaplanması" time="0.003">
    <system-out><![CDATA[
Senaryo: EREGL hisse seneti uzerinde calisiyoruz            &amp#27;[90m# src/test/resources/senaryolar/hisse_senedi_senaryosu.feature:3&amp#27;[0m
  &amp#27;[32mDiyelim ki &amp#27;[0m&amp#27;[32mhisse senedinin birim eşik satış fiyatı "&amp#27;[0m&amp#27;[32m&amp#27;[1m3,49&amp#27;[0m&amp#27;[32m"&amp#27;[0m &amp#27;[90m# jug.istanbul.is.HisseSenediIslemleriSteps.hisseSenedininBirimEşikSatışFiyatı(double)&amp#27;[0m
  &amp#27;[32mEğer ki &amp#27;[0m&amp#27;[32mhisse senedi "&amp#27;[0m&amp#27;[32m&amp#27;[1m2,11&amp#27;[0m&amp#27;[32m" üzerinden işlem görüyorsa&amp#27;[0m     &amp#27;[90m# jug.istanbul.is.HisseSenediIslemleriSteps.hisseSenediÜzerindenIşlemGörüyorsa(double)&amp#27;[0m
  &amp#27;[32mO zaman &amp#27;[0m&amp#27;[32msistem  uyarısı  şöyle olmalıdır "&amp#27;[0m&amp#27;[32m&amp#27;[1mOFF&amp#27;[0m&amp#27;[32m" .&amp#27;[0m          &amp#27;[90m# jug.istanbul.is.HisseSenediIslemleriSteps.sistemUyarısıŞöyleOlmalıdır(java.lang.String)&amp#27;[0m
]]></system-out>
  </testcase>
</testsuite>